<!DOCTYPE html>
<html>
<head>
    <title>Unittest Results</title>
    <meta charset="utf-8">
    <meta name="viewport" content="width=device-width, initial-scale=1.0">
    <link rel="stylesheet" href="https://maxcdn.bootstrapcdn.com/bootstrap/3.3.6/css/bootstrap.min.css" integrity="sha384-1q8mTJOASx8j1Au+a5WDVnPi2lkFfwwEAa8hDDdjZlpLegxhjVME1fgjWPGmkzs7" crossorigin="anonymous">
</head>
<body>
    <div class="container">
        <div class="row">
            <div class="col-xs-12">
                <h2 class="text-capitalize">Unittest Results</h2>
                <p class='attribute'><strong>Start Time: </strong>2022-09-26 18:15:09</p>
                <p class='attribute'><strong>Duration: </strong>139.14 s</p>
                <p class='attribute'><strong>Summary: </strong>Total: 1, Pass: 0, Fail: 1</p>
            </div>
        </div>
        <div class="row">
            <div class="col-xs-12 col-sm-10 col-md-10">
                <table class='table table-hover table-responsive'>
                    <thead>
                        <tr>
                            <th>__main__.TestCases</th>
                            <th>Status</th>
                            <th></th>
                        </tr>
                    </thead>
                    <tbody>
                        <tr class='danger'>
                            <td class="col-xs-10">test_2_application</td>
                            <td class="col-xs-1">
                                <span class="label label-danger" style="display:block;width:40px;">Fail</span>
                            </td>
                            <td class="col-xs-1">
                                <button class="btn btn-default btn-xs">View</button>
                            </td>
                        </tr>
                        <tr style="display:none;">
                            <td class="col-xs-9" colspan="3"><p>Setup Function - Start
********************************************************************************
DCT.xml file already exists
It is................c:\E2E_HVAC_Testing\STAF
Connection Status :  1
XML Loading Status : True
It is........c:\E2E_HVAC_Testing\STAF
Successfully logged in to the Sierra router
type <class 'str'> <class 'str'> <class 'str'>
192.168.1.10 255.255.0.0 192.168.1.2  0.0.0.0/0 192.168.1.2  192.168.1.2 
Sierra Router(FX30) web session is closed
[32mChanging the IP Address of ETH0
********************************************************************************
login in init_check
login in init_check
login in init_check
login in init_check
login in init_check
login in init_check
login in init_check
login in init_check
ETH0 IP & Subnet Mask Address Updated Successfully(IP Address: 169.254.1.1  SubnetMask:255.255.0.0)
login in init_check
login in init_check
login in init_check
login in init_check
login in init_check
login in init_check
login in init_check
login in init_check
login in init_check
login in init_check
Eath0 Gateway Address Updated Successfully(Gateway: 192.168.168.9  Dest/Mask:0.0.0.0/0)
[32mChanging the IP Address of ETH1
********************************************************************************
login in init_check
login in init_check
login in init_check
login in init_check
login in init_check
login in init_check
login in init_check
login in init_check
ETH1 IP & Subnet Mask Address Updated Successfully(IP Address:192.168.1.10  Subnet Mask:255.255.0.0
login in init_check
login in init_check
login in init_check
login in init_check
login in init_check
login in init_check
login in init_check
login in init_check
login in init_check
login in init_check
login in init_check
login in init_check
[32mChanging the DNS Servers
********************************************************************************
login in init_check
login in init_check
login in init_check
login in init_check
login in init_check
login in init_check
login in init_check
login in init_check
DNS Server Address Updated Successfully(DNS1 :192.168.168.9 DNS2:192.168.168.9
[32mChanging the Network Configurations
********************************************************************************
Performing Ping Test ********: 
login in init_check
login in init_check
login in init_check
login in init_check
login in init_check
login in init_check
login in init_check
login in init_check
5
Ping Test Is Failed
Performing Cloud Test ********:
login in init_check
login in init_check
login in init_check
login in init_check
login in init_check
login in init_check
5
Cloud Test is Failed
login in init_check
login in init_check
IOT Certificate is Not Present
[32mDoing CCN Configuration 
********************************************************************************
login in init_check
login in init_check
login in init_check
login in init_check
CCN Address is set as :1
login in init_check
login in init_check
login in init_check
login in init_check
CCN BUS is set as :Error: Error in read action
login in init_check
login in init_check
login in init_check
login in init_check
CCN Baudrate is set as :38400
 CCN Configuration Completed
[32mFactory and Service Parameters writing
********************************************************************************
writing Factory Values
********************************************************************************
Total no.of parameters: 23
unitsize 140.0
Written TablePoint 'unitsize'[CCN] =  140				06:16:44:09S
voltage 460.0
Written TablePoint 'voltage'[CCN] =  460				06:16:44:09S
freq_60H 1.0
Written TablePoint 'freq_60H'[CCN] =  1				06:16:44:09S
mfg_tier 0.0
Written TablePoint 'mfg_tier'[CCN] =  0				06:16:44:09S
probrine 0.0
Written TablePoint 'probrine'[CCN] =  0				06:16:44:09S
cpass_nb 2.0
Written TablePoint 'cpass_nb'[CCN] =  2				06:16:44:09S
heat_sel 0.0
Written TablePoint 'heat_sel'[CCN] =  0				06:16:45:09S
mst_slv 1.0
Written TablePoint 'mst_slv'[CCN] =  1				06:16:45:09S
emm_nrcp 1.0
Written TablePoint 'emm_nrcp'[CCN] =  1				06:16:45:09S
loambopt 0.0
Written TablePoint 'loambopt'[CCN] =  0				06:16:45:09S
leak_chk 0.0
Written TablePoint 'leak_chk'[CCN] =  0				06:16:45:09S
fMaxEnA 0.0
Written TablePoint 'fMaxEnA'[CCN] =  0				06:16:45:09S
fMaxEnB 0.0
Written TablePoint 'fMaxEnB'[CCN] =  0				06:16:45:09S
fMaxOvrA 75.0
Written TablePoint 'fMaxOvrA'[CCN] =  75				06:16:46:09S
fMaxOvrB 75.0
Written TablePoint 'fMaxOvrB'[CCN] =  75				06:16:46:09S
fan_fact 1.0
Written TablePoint 'fan_fact'[CCN] =  1				06:16:46:09S
fMinOvr 26.0
Written TablePoint 'fMinOvr'[CCN] =  26				06:16:46:09S
lastspda 40.0
Written TablePoint 'lastspda'[CCN] =  40				06:16:46:09S
lastspdb 40.0
Written TablePoint 'lastspdb'[CCN] =  40				06:16:46:09S
ECM_fans 0.0
Written TablePoint 'ECM_fans'[CCN] =  0				06:16:46:09S
PM_Motor 1.0
row getting error ***********************PM_Motor21
CondCoil 0.0
Written TablePoint 'CondCoil'[CCN] =  0				06:16:47:09S
writing Service Values
********************************************************************************
Total no.of parameters: 35
flui_typ 1.0
Written TablePoint 'flui_typ'[CCN] =  1				06:16:47:09S
ewt_opt 0.0
Written TablePoint 'ewt_opt'[CCN] =  0				06:16:47:09S
freezesp 34.0
Written TablePoint 'freezesp'[CCN] =  34				06:16:47:09S
mini_lwt 38.0
Written TablePoint 'mini_lwt'[CCN] =  38				06:16:47:09S
fastcapr 0.0
Written TablePoint 'fastcapr'[CCN] =  0				06:16:47:09S
ewt_cirA 1.0
Written TablePoint 'ewt_cirA'[CCN] =  1				06:16:48:09S
leak_thr 2.5
Written TablePoint 'leak_thr'[CCN] =  2.5				06:16:48:09S
leak_tmr 60.0
Written TablePoint 'leak_tmr'[CCN] =  60				06:16:48:09S
ecodgt 0.0
Written TablePoint 'ecodgt'[CCN] =  0				06:16:48:09S
RFI_conf 1.0
Written TablePoint 'RFI_conf'[CCN] =  1				06:16:48:09S
metric 0.0
Written TablePoint 'metric'[CCN] =  0				06:16:49:09S
fdrv_cfg 1.0
Written TablePoint 'fdrv_cfg'[CCN] =  1				06:16:49:09S
cdrv_cfg 1.0
Written TablePoint 'cdrv_cfg'[CCN] =  1				06:16:49:09S
heatersp 2.0
Written TablePoint 'heatersp'[CCN] =  2				06:16:49:09S
freez_ov 0.0
Written TablePoint 'freez_ov'[CCN] =  0				06:16:49:09S
auto_sm 0.0
Written TablePoint 'auto_sm'[CCN] =  0				06:16:49:09S
ViPwrChk 1.15
Written TablePoint 'ViPwrChk'[CCN] =  1.15				06:16:50:09S
ViChkEn 0.0
Written TablePoint 'ViChkEn'[CCN] =  0				06:16:50:09S
AntiFrz 1.0
Written TablePoint 'AntiFrz'[CCN] =  1				06:16:50:09S
odtrspd 5.0
Written TablePoint 'odtrspd'[CCN] =  5				06:16:50:09S
otrigtim 3600.0
Written TablePoint 'otrigtim'[CCN] =  3600				06:16:50:09S
odrecspd 5.0
Written TablePoint 'odrecspd'[CCN] =  5				06:16:51:09S
orectim 60.0
Written TablePoint 'orectim'[CCN] =  60				06:16:51:09S
wateesys 0.9
Written TablePoint 'wateesys'[CCN] =  0.9				06:16:51:09S
vistrtdt 900.0
Written TablePoint 'vistrtdt'[CCN] =  900				06:16:51:09S
vistrten 1.0
Written TablePoint 'vistrten'[CCN] =  1				06:16:51:09S
apr_en 1.0
Written TablePoint 'apr_en'[CCN] =  1				06:16:52:09S
cmpapr 30.0
Written TablePoint 'cmpapr'[CCN] =  30				06:16:52:09S
cmpsst 20.0
Written TablePoint 'cmpsst'[CCN] =  20				06:16:52:09S
cmpdsst -18.0
Written TablePoint 'cmpdsst'[CCN] =  -18				06:16:52:09S
cmpdgt 185.0
Written TablePoint 'cmpdgt'[CCN] =  185				06:16:52:09S
cmpddgt 13.5
Written TablePoint 'cmpddgt'[CCN] =  13.5				06:16:52:09S
cmptmr 60.0
Written TablePoint 'cmptmr'[CCN] =  60				06:16:53:09S
SnsrSwp 0.0
row getting error ***********************SnsrSwp34
[32mPerforming the Quick Test
********************************************************************************
Clicking  Home Button
Clicking Main Menu Button
Clicking Down Navigation Arrow
Clicking Quick Test Table Icon
login in init_check
login in init_check
login in init_check
</p><p style="color:maroon;">AssertionError: 'Tripout ' != 'Off     '
- Tripout 
+ Off     
</p><p style="color:maroon;">Traceback (most recent call last):
  File "c:/E2E_HVAC_Testing/STAF/Tests/INTEGRATION/Integration.py", line 146, in test_2_application
    objp.quick_test()
  File "c:/E2E_HVAC_Testing/STAF\Lib_space\Local_UI\P_Link.py", line 223, in quick_test
    PIC6.ss_rest_read_check("GENUNIT_STATUS","Off     ")
  File "c:/E2E_HVAC_Testing/STAF\Lib_space\PIC6_API\rest_frame.py", line 28, in ss_rest_read_check
    assertions.assertEqual(pntVal, expected)
AssertionError: 'Tripout ' != 'Off     '
- Tripout 
+ Off     

</p>
                            </td>
                        </tr>
                        <tr>
                            <td colspan="3">
                                Total: 1, Pass: 0, Fail: 1 -- Duration: 139.14 s
                            </td>
                        </tr>
                    </tbody>
                </table>
            </div>
        </div>
    </div>
    <script src="https://ajax.googleapis.com/ajax/libs/jquery/2.2.4/jquery.min.js"></script>
    <script type="text/javascript">
        $(document).ready(function(){
            $('td').on('click', '.btn', function(e){
                e.preventDefault();
                e.stopImmediatePropagation();
                var $this = $(this);
                var $nextRow = $this.closest('tr').next('tr');
                $nextRow.slideToggle("fast");
                $this.text(function(i, text){
                    if (text === 'View') {
                        return 'Hide';
                    } else {
                        return 'View';
                    };
                });
            });
        });
    </script>
</body>
</html